Determining if the pthread_create exist failed with the following output:
Change Dir: /home/adi/Aerial_Robotics/FPV-Drone-Racing/fpv_ws/build/catkin_tools_prebuild/CMakeFiles/CMakeTmp

Run Build Command:"/usr/bin/make" "cmTC_9005d/fast"
/usr/bin/make -f CMakeFiles/cmTC_9005d.dir/build.make CMakeFiles/cmTC_9005d.dir/build
make[1]: Entering directory '/home/adi/Aerial_Robotics/FPV-Drone-Racing/fpv_ws/build/catkin_tools_prebuild/CMakeFiles/CMakeTmp'
Building C object CMakeFiles/cmTC_9005d.dir/CheckSymbolExists.c.o
/usr/bin/cc    -o CMakeFiles/cmTC_9005d.dir/CheckSymbolExists.c.o   -c /home/adi/Aerial_Robotics/FPV-Drone-Racing/fpv_ws/build/catkin_tools_prebuild/CMakeFiles/CMakeTmp/CheckSymbolExists.c
Linking C executable cmTC_9005d
/usr/bin/cmake -E cmake_link_script CMakeFiles/cmTC_9005d.dir/link.txt --verbose=1
/usr/bin/cc      -rdynamic CMakeFiles/cmTC_9005d.dir/CheckSymbolExists.c.o  -o cmTC_9005d 
CMakeFiles/cmTC_9005d.dir/CheckSymbolExists.c.o: In function `main':
CheckSymbolExists.c:(.text+0x1b): undefined reference to `pthread_create'
collect2: error: ld returned 1 exit status
CMakeFiles/cmTC_9005d.dir/build.make:97: recipe for target 'cmTC_9005d' failed
make[1]: *** [cmTC_9005d] Error 1
make[1]: Leaving directory '/home/adi/Aerial_Robotics/FPV-Drone-Racing/fpv_ws/build/catkin_tools_prebuild/CMakeFiles/CMakeTmp'
Makefile:126: recipe for target 'cmTC_9005d/fast' failed
make: *** [cmTC_9005d/fast] Error 2

File /home/adi/Aerial_Robotics/FPV-Drone-Racing/fpv_ws/build/catkin_tools_prebuild/CMakeFiles/CMakeTmp/CheckSymbolExists.c:
/* */
#include <pthread.h>

int main(int argc, char** argv)
{
  (void)argv;
#ifndef pthread_create
  return ((int*)(&pthread_create))[argc];
#else
  (void)argc;
  return 0;
#endif
}

Determining if the function pthread_create exists in the pthreads failed with the following output:
Change Dir: /home/adi/Aerial_Robotics/FPV-Drone-Racing/fpv_ws/build/catkin_tools_prebuild/CMakeFiles/CMakeTmp

Run Build Command:"/usr/bin/make" "cmTC_eef23/fast"
/usr/bin/make -f CMakeFiles/cmTC_eef23.dir/build.make CMakeFiles/cmTC_eef23.dir/build
make[1]: Entering directory '/home/adi/Aerial_Robotics/FPV-Drone-Racing/fpv_ws/build/catkin_tools_prebuild/CMakeFiles/CMakeTmp'
Building C object CMakeFiles/cmTC_eef23.dir/CheckFunctionExists.c.o
/usr/bin/cc   -DCHECK_FUNCTION_EXISTS=pthread_create   -o CMakeFiles/cmTC_eef23.dir/CheckFunctionExists.c.o   -c /usr/share/cmake-3.10/Modules/CheckFunctionExists.c
Linking C executable cmTC_eef23
/usr/bin/cmake -E cmake_link_script CMakeFiles/cmTC_eef23.dir/link.txt --verbose=1
/usr/bin/cc  -DCHECK_FUNCTION_EXISTS=pthread_create    -rdynamic CMakeFiles/cmTC_eef23.dir/CheckFunctionExists.c.o  -o cmTC_eef23 -lpthreads 
/usr/bin/ld: cannot find -lpthreads
collect2: error: ld returned 1 exit status
CMakeFiles/cmTC_eef23.dir/build.make:97: recipe for target 'cmTC_eef23' failed
make[1]: *** [cmTC_eef23] Error 1
make[1]: Leaving directory '/home/adi/Aerial_Robotics/FPV-Drone-Racing/fpv_ws/build/catkin_tools_prebuild/CMakeFiles/CMakeTmp'
Makefile:126: recipe for target 'cmTC_eef23/fast' failed
make: *** [cmTC_eef23/fast] Error 2


