Determining if the pthread_create exist failed with the following output:
Change Dir: /home/adi/Aerial_Robotics/FPV-Drone-Racing/fpv_ws/build/fpvbot_discription/CMakeFiles/CMakeTmp

Run Build Command:"/usr/bin/make" "cmTC_fdbe7/fast"
/usr/bin/make -f CMakeFiles/cmTC_fdbe7.dir/build.make CMakeFiles/cmTC_fdbe7.dir/build
make[1]: Entering directory '/home/adi/Aerial_Robotics/FPV-Drone-Racing/fpv_ws/build/fpvbot_discription/CMakeFiles/CMakeTmp'
Building C object CMakeFiles/cmTC_fdbe7.dir/CheckSymbolExists.c.o
/usr/bin/cc    -o CMakeFiles/cmTC_fdbe7.dir/CheckSymbolExists.c.o   -c /home/adi/Aerial_Robotics/FPV-Drone-Racing/fpv_ws/build/fpvbot_discription/CMakeFiles/CMakeTmp/CheckSymbolExists.c
Linking C executable cmTC_fdbe7
/usr/bin/cmake -E cmake_link_script CMakeFiles/cmTC_fdbe7.dir/link.txt --verbose=1
/usr/bin/cc      -rdynamic CMakeFiles/cmTC_fdbe7.dir/CheckSymbolExists.c.o  -o cmTC_fdbe7 
CMakeFiles/cmTC_fdbe7.dir/CheckSymbolExists.c.o: In function `main':
CheckSymbolExists.c:(.text+0x1b): undefined reference to `pthread_create'
collect2: error: ld returned 1 exit status
CMakeFiles/cmTC_fdbe7.dir/build.make:97: recipe for target 'cmTC_fdbe7' failed
make[1]: *** [cmTC_fdbe7] Error 1
make[1]: Leaving directory '/home/adi/Aerial_Robotics/FPV-Drone-Racing/fpv_ws/build/fpvbot_discription/CMakeFiles/CMakeTmp'
Makefile:126: recipe for target 'cmTC_fdbe7/fast' failed
make: *** [cmTC_fdbe7/fast] Error 2

File /home/adi/Aerial_Robotics/FPV-Drone-Racing/fpv_ws/build/fpvbot_discription/CMakeFiles/CMakeTmp/CheckSymbolExists.c:
/* */
#include <pthread.h>

int main(int argc, char** argv)
{
  (void)argv;
#ifndef pthread_create
  return ((int*)(&pthread_create))[argc];
#else
  (void)argc;
  return 0;
#endif
}

Determining if the function pthread_create exists in the pthreads failed with the following output:
Change Dir: /home/adi/Aerial_Robotics/FPV-Drone-Racing/fpv_ws/build/fpvbot_discription/CMakeFiles/CMakeTmp

Run Build Command:"/usr/bin/make" "cmTC_93dc6/fast"
/usr/bin/make -f CMakeFiles/cmTC_93dc6.dir/build.make CMakeFiles/cmTC_93dc6.dir/build
make[1]: Entering directory '/home/adi/Aerial_Robotics/FPV-Drone-Racing/fpv_ws/build/fpvbot_discription/CMakeFiles/CMakeTmp'
Building C object CMakeFiles/cmTC_93dc6.dir/CheckFunctionExists.c.o
/usr/bin/cc   -DCHECK_FUNCTION_EXISTS=pthread_create   -o CMakeFiles/cmTC_93dc6.dir/CheckFunctionExists.c.o   -c /usr/share/cmake-3.10/Modules/CheckFunctionExists.c
Linking C executable cmTC_93dc6
/usr/bin/cmake -E cmake_link_script CMakeFiles/cmTC_93dc6.dir/link.txt --verbose=1
/usr/bin/cc  -DCHECK_FUNCTION_EXISTS=pthread_create    -rdynamic CMakeFiles/cmTC_93dc6.dir/CheckFunctionExists.c.o  -o cmTC_93dc6 -lpthreads 
/usr/bin/ld: cannot find -lpthreads
collect2: error: ld returned 1 exit status
CMakeFiles/cmTC_93dc6.dir/build.make:97: recipe for target 'cmTC_93dc6' failed
make[1]: *** [cmTC_93dc6] Error 1
make[1]: Leaving directory '/home/adi/Aerial_Robotics/FPV-Drone-Racing/fpv_ws/build/fpvbot_discription/CMakeFiles/CMakeTmp'
Makefile:126: recipe for target 'cmTC_93dc6/fast' failed
make: *** [cmTC_93dc6/fast] Error 2


